                        _                         _ 
                       | |                       | |
 ___  ___ ___  _ __ ___| |__   ___   __ _ _ __ __| |
/ __|/ __/ _ \| '__/ _ \ '_ \ / _ \ / _` | '__/ _` |
\__ \ (_| (_) | | |  __/ |_) | (_) | (_| | | | (_| |
|___/\___\___/|_|  \___|_.__/ \___/ \__,_|_|  \__,_|
____________________________________________________

      program file:  inputs/example.s
configuration file:  inputs/cfg.in

                                 by: thais camacho  
____________________________________________________
instruction [ISSUE READ EXECUTE WRITE]
fld  f1, 100(x7) [1 2 3 4]
fmul f2, f2, f4 [2 3 7 8]
fadd f2, f1, f3 [ 9 10 12 13]
fld  f9, 0(x3) [10 11 12 13]
fdiv f3, f1, f7 [11 12 22 23]
fsub f6, f3, f4 [14 24 26 27]
fmul f7, f1, f2 [15 16 20 21]
fadd f4, f5, f2 [28 29 31 32]
fsd  f1, 50(x11) [29 30 31 32]
