                        _                         _ 
                       | |                       | |
 ___  ___ ___  _ __ ___| |__   ___   __ _ _ __ __| |
/ __|/ __/ _ \| '__/ _ \ '_ \ / _ \ / _` | '__/ _` |
\__ \ (_| (_) | | |  __/ |_) | (_) | (_| | | | (_| |
|___/\___\___/|_|  \___|_.__/ \___/ \__,_|_|  \__,_|
____________________________________________________

      program file:  inputs/example7.s
configuration file:  inputs/cfg7.in

                                 by: thais camacho  
____________________________________________________
instruction [ISSUE READ EXECUTE WRITE]
fld  f1, 100(x7) [1 2 3 4]
fmul f2, f3, f4 [2 3 7 8]
fld x1, 0(x2) [3 4 5 6]
fdiv f3, f1, f7 [ 4  5 21 22]
fmul f4, f2, f4 [ 5  9 13 14]
fadd f2, f5, f3 [ 9 23 25 26]
fld x1, 0(x2) [10 11 12 13]
fsd x3, 50(x12) [11 12 13 14]
fsd x4, 50(x13) [14 15 16 17]
