                        _                         _ 
                       | |                       | |
 ___  ___ ___  _ __ ___| |__   ___   __ _ _ __ __| |
/ __|/ __/ _ \| '__/ _ \ '_ \ / _ \ / _` | '__/ _` |
\__ \ (_| (_) | | |  __/ |_) | (_) | (_| | | | (_| |
|___/\___\___/|_|  \___|_.__/ \___/ \__,_|_|  \__,_|
____________________________________________________

      program file:  inputs/example9.s
configuration file:  inputs/cfg9.in

                                 by: thais camacho  
____________________________________________________
instruction [ISSUE READ EXECUTE WRITE]
fld  f1, 100(x7) [1 2 3 4]
fmul f2, f2, f1 [ 2  5  9 10]
fadd f2, f1, f3 [11 12 14 15]
fld  f9, 0(x3) [12 13 14 15]
fdiv f3, f9, f7 [13 16 32 33]
fmul f7, f3, f2 [14 34 38 39]
fsub f2, f4, f4 [16 17 19 35]
fsd  f2, 50(x11) [17 36 37 38]
fdiv f1, f5, f2 [34 36 52 53]
fsd  f1, 50(x11) [35 54 55 56]
fadd f4, f1, f2 [36 54 56 57]
