                        _                         _ 
                       | |                       | |
 ___  ___ ___  _ __ ___| |__   ___   __ _ _ __ __| |
/ __|/ __/ _ \| '__/ _ \ '_ \ / _ \ / _` | '__/ _` |
\__ \ (_| (_) | | |  __/ |_) | (_) | (_| | | | (_| |
|___/\___\___/|_|  \___|_.__/ \___/ \__,_|_|  \__,_|
____________________________________________________

      program file:  inputs/example2.s
configuration file:  inputs/cfg2.in

                                 by: thais camacho  
____________________________________________________
instruction [ISSUE READ EXECUTE WRITE]
fld  f1, 100(x7) [1 2 3 4]
fdiv f2, f1, f4 [ 2  5 21 22]
fadd f4, f2, f8 [ 3 23 25 26]
fadd f8, f3, f7 [27 28 30 31]
fld  f9, 0(x3) [28 29 30 31]
fmul f7, f7, f7 [29 30 34 35]
fsub f6, f3, f4 [32 33 35 36]
fadd f4, f5, f2 [37 38 40 41]
fsd  f1, 50(x11) [38 39 40 41]
